[21:04:14] [main/INFO] [LaunchWrapper]: Loading tweak class name net.minecraftforge.fml.common.launcher.FMLTweaker
[21:04:14] [main/INFO] [LaunchWrapper]: Using primary tweak class name net.minecraftforge.fml.common.launcher.FMLTweaker
[21:04:14] [main/INFO] [LaunchWrapper]: Calling tweak class net.minecraftforge.fml.common.launcher.FMLTweaker
[21:04:22] [Thread-3/INFO] [Config]: [OptiFine] Checking for new version
[21:04:22] [Thread-3/INFO] [Config]: [OptiFine] Version found: C7
[21:04:25] [Forge Version Check/INFO] [ForgeVersionCheck]: [forge] Starting version check at http://files.minecraftforge.net/maven/net/minecraftforge/forge/promotions_slim.json
[21:04:28] [Forge Version Check/DEBUG] [ForgeVersionCheck]: [forge] Received version check data:
{
  "homepage": "http://files.minecraftforge.net/maven/net/minecraftforge/forge/",
  "promos": {
    "1.10-latest": "12.18.0.2000",
    "1.10.2-latest": "12.18.3.2511",
    "1.10.2-recommended": "12.18.3.2185",
    "1.11-latest": "13.19.1.2199",
    "1.11-recommended": "13.19.1.2189",
    "1.11.2-latest": "13.20.1.2588",
    "1.11.2-recommended": "13.20.1.2386",
    "1.12-latest": "14.21.1.2443",
    "1.12-recommended": "14.21.1.2387",
    "1.12.1-latest": "14.22.1.2485",
    "1.12.1-recommended": "14.22.1.2478",
    "1.12.2-latest": "14.23.4.2739",
    "1.12.2-recommended": "14.23.4.2705",
    "1.5.2-latest": "7.8.1.738",
    "1.5.2-recommended": "7.8.1.737",
    "1.6.1-latest": "8.9.0.775",
    "1.6.2-latest": "9.10.1.871",
    "1.6.2-recommended": "9.10.1.871",
    "1.6.3-latest": "9.11.0.878",
    "1.6.4-latest": "9.11.1.1345",
    "1.6.4-recommended": "9.11.1.1345",
    "1.7.10-latest": "10.13.4.1614",
    "1.7.10-latest-1.7.10": "10.13.2.1343",
    "1.7.10-recommended": "10.13.4.1558",
    "1.7.2-latest": "10.12.2.1147",
    "1.7.2-recommended": "10.12.2.1121",
    "1.8-latest": "11.14.4.1577",
    "1.8-recommended": "11.14.4.1563",
    "1.8.8-latest": "11.15.0.1655",
    "1.8.9-latest": "11.15.1.2318",
    "1.8.9-recommended": "11.15.1.1722",
    "1.9-latest": "12.16.0.1942",
    "1.9-recommended": "12.16.1.1887",
    "1.9.4-latest": "12.17.0.2051",
    "1.9.4-recommended": "12.17.0.1976",
    "latest": "14.23.4.2739",
    "latest-1.7.10": "10.13.2.1343",
    "recommended": "14.23.4.2705"
  }
}
[21:04:28] [Forge Version Check/INFO] [ForgeVersionCheck]: [forge] Found status: UP_TO_DATE Target: null
[21:04:35] [JM-VersionCheck-1/ERROR] [journeymap]: Could not check version URL
com.google.gson.JsonSyntaxException: com.google.gson.stream.MalformedJsonException: Use JsonReader.setLenient(true) to accept malformed JSON at line 2 column 2 path $
	at com.google.gson.JsonParser.parse(JsonParser.java:65) ~[JsonParser.class:?]
	at com.google.gson.JsonParser.parse(JsonParser.java:45) ~[JsonParser.class:?]
	at journeymap.common.version.VersionCheck$1.run(VersionCheck.java:134) [VersionCheck$1.class:1.12.1-5.5.2]
	at java.util.concurrent.Executors$RunnableAdapter.call(Executors.java:511) [?:1.8.0_131]
	at java.util.concurrent.FutureTask.run(FutureTask.java:266) [?:1.8.0_131]
	at java.util.concurrent.ThreadPoolExecutor.runWorker(ThreadPoolExecutor.java:1142) [?:1.8.0_131]
	at java.util.concurrent.ThreadPoolExecutor$Worker.run(ThreadPoolExecutor.java:617) [?:1.8.0_131]
	at java.lang.Thread.run(Thread.java:748) [?:1.8.0_131]
Caused by: com.google.gson.stream.MalformedJsonException: Use JsonReader.setLenient(true) to accept malformed JSON at line 2 column 2 path $
	at com.google.gson.stream.JsonReader.syntaxError(JsonReader.java:1559) ~[JsonReader.class:?]
	at com.google.gson.stream.JsonReader.checkLenient(JsonReader.java:1401) ~[JsonReader.class:?]
	at com.google.gson.stream.JsonReader.doPeek(JsonReader.java:542) ~[JsonReader.class:?]
	at com.google.gson.stream.JsonReader.peek(JsonReader.java:425) ~[JsonReader.class:?]
	at com.google.gson.JsonParser.parse(JsonParser.java:60) ~[JsonParser.class:?]
	... 7 more
[21:04:42] [Netty Client IO #0/TRACE] [FML]: Handshake channel activating
[21:04:42] [Netty Client IO #0/DEBUG] [FML]: FMLHandshakeClientState: null->FMLHandshakeClientState$1:START
[21:04:42] [Netty Client IO #0/DEBUG] [FML]:   Next: HELLO
[21:04:42] [Netty Client IO #0/DEBUG] [FML]: FMLHandshakeClientState: null->FMLHandshakeClientState$2:HELLO
[21:04:42] [Netty Client IO #0/DEBUG] [FML]:   Next: DONE
[21:04:42] [Netty Client IO #0/INFO] [FML]: Aborting client handshake "VANILLA"
[21:04:42] [Netty Client IO #0/INFO] [FML]: [Netty Client IO #0] Client side vanilla connection established
