[20:07:54] [Client thread/INFO]: Setting user: wj89757
[20:07:56] [Client thread/INFO]: LWJGL Version: 3.1.6 build 14
[20:07:57] [Client thread/INFO]: Reloading ResourceManager: Default
[20:07:57] [Sound Library Loader/INFO]: Starting up SoundSystem...
[20:07:57] [Thread-2/INFO]: Initializing No Sound
[20:07:57] [Thread-2/INFO]: (Silent Mode)
[20:07:57] [Thread-2/INFO]: OpenAL initialized.
[20:07:58] [Sound Library Loader/INFO]: Preloading sound minecraft:sounds/ambient/underwater/underwater_ambience.ogg
[20:07:58] [Sound Library Loader/INFO]: Sound engine started
[20:08:00] [Client thread/INFO]: Created: 1024x512 textures-atlas
[20:08:04] [Realms Notification Availability checker #1/INFO]: Could not authorize you against Realms server: Invalid session id
[20:08:06] [Client thread/WARN]: Unable to start LAN server detection: Can't assign requested address
[20:08:09] [Client thread/INFO]: Connecting to 127.0.0.1, 25565
[20:08:12] [Client thread/INFO]: Loaded 300 advancements
[20:08:41] [Client thread/INFO]: [CHAT] <wj89757> 怎么输入gamemod不起作用
[20:08:57] [Client thread/INFO]: [CHAT] <wang> \/
[20:09:05] [Client thread/INFO]: [CHAT] <wang> 斜杠加了？
[20:09:12] [Client thread/INFO]: [CHAT] <wj89757> 加了诶
[20:09:24] [Client thread/INFO]: [CHAT] <wj89757> 是要管身份再加一下？
[20:09:28] [Client thread/INFO]: [CHAT] <wang> mode
[20:09:39] [Client thread/INFO]: [CHAT] <wang> you lack an e
[20:10:28] [Client thread/INFO]: [CHAT] <wang> gamemode
[20:11:16] [Client thread/WARN]: Received passengers for unknown entity
[20:12:31] [Client thread/WARN]: Received passengers for unknown entity
[20:12:42] [Client thread/INFO]: [CHAT] <wj89757> where are you
[20:12:43] [Client thread/WARN]: Received passengers for unknown entity
[20:13:10] [Client thread/WARN]: Received passengers for unknown entity
[20:13:15] [Client thread/WARN]: Received passengers for unknown entity
[20:18:08] [Client thread/INFO]: [CHAT] [wang: 将时间设为100]
[20:22:27] [Client thread/INFO]: Loaded 308 advancements
[20:28:51] [Client thread/INFO]: [CHAT] [wang: 将时间设为100]
[20:34:20] [Client thread/INFO]: Loaded 312 advancements
[20:37:08] [Client thread/INFO]: Loaded 313 advancements
[20:37:10] [Client thread/INFO]: Loaded 314 advancements
[20:37:53] [Client thread/INFO]: Loaded 315 advancements
[20:38:32] [Client thread/INFO]: Loaded 316 advancements
[20:38:39] [Client thread/INFO]: Loaded 317 advancements
[20:39:03] [Client thread/INFO]: Loaded 318 advancements
[20:39:47] [Client thread/INFO]: [CHAT] 未知的命令
[20:39:47] [Client thread/INFO]: [CHAT] set time 100<--[此处]
[20:39:57] [Client thread/INFO]: [CHAT] 将时间设为100
[20:41:24] [Client thread/INFO]: [CHAT] wang退出了游戏
[20:50:04] [Client thread/INFO]: Stopping!
[20:50:05] [Client thread/INFO]: SoundSystem shutting down...
[20:50:05] [Client thread/INFO]: SoundSystem Author: Paul Lamb, www.paulscode.com
